<?xml version="1.0" encoding="UTF-8"?>
<!-- Generated by org.testng.reporters.JUnitXMLReporter -->
<testsuite ignored="4" hostname="AISHWARYA" failures="0" tests="4" name="Test" time="80.88" errors="0" timestamp="2021-05-04T15:24:22 IST">
  <testcase classname="com.cancast.crm.ContactTest.CreateContactTest" name="createContact" time="12.833"/>
  <testcase classname="com.cancast.crm.ContactTest.CreateContactTest" name="createContactwithOrg" time="14.046"/>
  <testcase classname="com.concast.crm.OrganizationTest.CreateOrganizationTest" name="createOrgWithIndustry" time="10.947"/>
  <testcase classname="com.concast.crm.OrganizationTest.CreateOrganizationTest" name="creteOrg" time="11.995"/>
  <testcase classname="com.crm.vtiger.GenericUtils.BaseClass" name="@AfterTest configAT" time="0.0">
    <ignored/>
  </testcase> <!-- @AfterTest configAT -->
  <testcase classname="com.crm.vtiger.GenericUtils.BaseClass" name="@BeforeSuite configBS" time="0.0">
    <ignored/>
  </testcase> <!-- @BeforeSuite configBS -->
  <testcase classname="com.crm.vtiger.GenericUtils.BaseClass" name="@BeforeTest configBT" time="0.0">
    <ignored/>
  </testcase> <!-- @BeforeTest configBT -->
  <testcase classname="com.crm.vtiger.GenericUtils.BaseClass" name="@AfterSuite configAs" time="0.0">
    <ignored/>
  </testcase> <!-- @AfterSuite configAs -->
</testsuite> <!-- Test -->
