<?xml version="1.0" encoding="UTF-8"?>
<!-- Generated by org.testng.reporters.JUnitXMLReporter -->
<testsuite ignored="0" hostname="AISHWARYA" failures="0" tests="3" name="Test_runner-1" time="56.952" errors="0" timestamp="2021-05-04T15:33:31 IST">
  <testcase classname="com.cancast.crm.ContactTest.CreateContactTest" name="createContact" time="18.922"/>
  <testcase classname="com.concast.crm.OrganizationTest.CreateOrganizationTest" name="createOrgWithIndustry" time="17.052"/>
  <testcase classname="com.cancast.crm.ContactTest.CreateContactTest" name="createContactwithOrg" time="15.367"/>
</testsuite> <!-- Test_runner-1 -->
